proguard-project.txt
# To enable ProGuard in your project, edit project.properties
# to define the proguard.config property as described in that file.
#
# Add project specific ProGuard rules here.
# By default, the flags in this file are appended to flags specified
# in ${sdk.dir}/tools/proguard/proguard-android.txt
# You can edit the include path and order by changing the ProGuard
# include property in project.properties.
#
# For more details, see
#   http://developer.android.com/guide/developing/tools/proguard.html

# Add any project specific keep options here:

# If your project uses WebView with JS, uncomment the following
# and specify the fully qualified class name to the JavaScript interface
# class:
#-keepclassmembers class fqcn.of.javascript.interface.for.webview {
#   public *;
#}

-optimizationpasses 5                                                          
-dontusemixedcaseclassnames    
# 是否混淆第三方jar                                                  
-dontskipnonpubliclibraryclasses                                               
-dontpreverify
-dontoptimize                                                                  
-verbose
-ignorewarnings                                                                        
-optimizations !code/simplification/arithmetic,!field/*,!class/merging/*  

-libraryjars libs/alipaySDK-20150818.jar
-libraryjars libs/android-async-http-1.4.6.jar
-libraryjars libs/android-support-v4.jar
-libraryjars libs/BaiduLBS_Android.jar
-libraryjars libs/gson-2.2.4.jar
-libraryjars libs/libammsdk.jar
-libraryjars libs/libpingpp-2.0.6.jar
-libraryjars libs/libpingpp.jar
-libraryjars libs/MobLogCollector.jar
-libraryjars libs/MobTools.jar
-libraryjars libs/okhttp-2.0.0-RC1.jar
-libraryjars libs/okio-1.0.0.jar
-libraryjars libs/SMSSDK-1.3.0.jar
-libraryjars libs/universal-image-loader-1.9.4.jar
-libraryjars libs/UPPayAssistEx.jar
-libraryjars libs/UPPayPluginEx.jar
-libraryjars libs/arm64-v8a/libentryex.so
-libraryjars libs/armeabi/libBaiduMapSDK_v3_5_0_13.so
-libraryjars libs/armeabi/libentryex.so
-libraryjars libs/armeabi/liblocSDK6a.so
-libraryjars libs/armeabi/libsmssdk.so
-libraryjars libs/armeabi-v7a/libentryex.so
-libraryjars libs/mips/libentryex.so
-libraryjars libs/x86/libentryex.so


-keep public class * extends android.app.Activity　
-keep public class * extends android.app.Application
-keep public class * extends android.app.Service
-keep public class * extends android.content.BroadcastReceiver
-keep public class * extends android.content.ContentProvider
-keep public class * extends android.app.backup.BackupAgentHelper
-keep public class * extends android.preference.Preference
-keep public class com.android.vending.licensing.ILicensingService
-keep public abstract interface com.asqw.android.Listener{
public protected <methods>;  
}
-keep public class com.asqw.android{
public void Start(java.lang.String); 
}
-keepclasseswithmembernames class * {
native <methods>;
}
-keepclasseswithmembers class * { 
public <init>(android.content.Context, android.util.AttributeSet);
}
-keepclasseswithmembers class * {
public <init>(android.content.Context, android.util.AttributeSet, int);
}
-keepclassmembers class * extends android.app.Activity {
public void *(android.view.View);
}
-keepclassmembers enum * {
public static **[] values();
public static ** valueOf(java.lang.String);
}
-keep class * implements android.os.Parcelable {
public static final android.os.Parcelable$Creator *;
}

-keep class com.aspire.**

-keep class com.baidu.mapapi.** { *; }
-keep class com.baidu.platform.** { *; }
-keep class com.baidu.location.** { *; }
-keep class com.baidu.vi.** { *; }

-keepattributes *Annotation*

-keep public class * extends android.support.v4.** { *; }