proguard/seeds.txt
com.baidu.location.LLSInterface
com.baidu.location.LLSInterface: void onCreate(android.content.Context)
com.baidu.location.LLSInterface: int onStartCommand(android.content.Intent,int,int)
com.baidu.location.LLSInterface: android.os.IBinder onBind(android.content.Intent)
com.baidu.location.LLSInterface: boolean onUnBind(android.content.Intent)
com.baidu.location.LLSInterface: void onDestroy()
com.baidu.location.LLSInterface: double getVersion()
com.baidu.location.LocationClient
com.baidu.location.LocationClient: java.lang.String lh
com.baidu.location.LocationClient: int lk
com.baidu.location.LocationClient: int lJ
com.baidu.location.LocationClient: int lr
com.baidu.location.LocationClient: int lU
com.baidu.location.LocationClient: int lF
com.baidu.location.LocationClient: int lI
com.baidu.location.LocationClient: int lx
com.baidu.location.LocationClient: int ls
com.baidu.location.LocationClient: int lv
com.baidu.location.LocationClient: int lf
com.baidu.location.LocationClient: int lQ
com.baidu.location.LocationClient: int lG
com.baidu.location.LocationClient: int lo
com.baidu.location.LocationClient: long lL
com.baidu.location.LocationClient: java.lang.String lT
com.baidu.location.LocationClient: com.baidu.location.LocationClientOption lE
com.baidu.location.LocationClient: boolean lK
com.baidu.location.LocationClient: android.content.Context lA
com.baidu.location.LocationClient: android.os.Messenger lC
com.baidu.location.LocationClient: com.baidu.location.LocationClient$a lg
com.baidu.location.LocationClient: android.os.Messenger lz
com.baidu.location.LocationClient: java.util.ArrayList lX
com.baidu.location.LocationClient: com.baidu.location.BDLocation lP
com.baidu.location.LocationClient: boolean lu
com.baidu.location.LocationClient: boolean lS
com.baidu.location.LocationClient: boolean lw
com.baidu.location.LocationClient: com.baidu.location.LocationClient$b ll
com.baidu.location.LocationClient: boolean le
com.baidu.location.LocationClient$a
com.baidu.location.LocationClient$a: com.baidu.location.LocationClient a
com.baidu.location.LocationClient$a: LocationClient$a(com.baidu.location.LocationClient)
com.baidu.location.LocationClient$a: void handleMessage(android.os.Message)
com.baidu.location.LocationClient$a: LocationClient$a(com.baidu.location.LocationClient,com.baidu.location.b)
com.baidu.location.LocationClient$b
com.baidu.location.LocationClient$b: com.baidu.location.LocationClient a
com.baidu.location.LocationClient$b: LocationClient$b(com.baidu.location.LocationClient)
com.baidu.location.LocationClient$b: void run()
com.baidu.location.LocationClient$b: LocationClient$b(com.baidu.location.LocationClient,com.baidu.location.b)