proguard/mapping.txt
com.baidu.paysdk.ui.WebViewActivity -> com.baidu.paysdk.ui.WebViewActivity:
    java.lang.String JUMP_URL -> JUMP_URL
    java.lang.String CHANNEL_DISCOUNT_PARAMS -> CHANNEL_DISCOUNT_PARAMS
    java.lang.String WEBVIEW_TITLE -> WEBVIEW_TITLE
    java.lang.String WEBVIEW_TITLE_STRING -> WEBVIEW_TITLE_STRING
    java.lang.String TAG -> TAG
    java.lang.String EXTRA_PARAM -> EXTRA_PARAM
    java.lang.String SAFE_TIPS_URL -> SAFE_TIPS_URL
    java.lang.String FAQ_URL -> FAQ_URL
    java.lang.String TRANSFER_GUIDE -> TRANSFER_GUIDE
    java.lang.String SHOW_ALL_SUPPORT_PAY_URL -> SHOW_ALL_SUPPORT_PAY_URL
    java.lang.String SHOW_ALL_SUPPORT_ZHUAN_URL -> SHOW_ALL_SUPPORT_ZHUAN_URL
    java.lang.String SHOW_ALL_SUPPORT_BIND_URL -> SHOW_ALL_SUPPORT_BIND_URL
    java.lang.String SHOW_ALL_WALLET_COUPON_URL -> SHOW_ALL_WALLET_COUPON_URL
    java.lang.String SHOW_UNIFY_QUERY__BANK_URL -> SHOW_UNIFY_QUERY__BANK_URL
    android.webkit.WebView mWebView -> mWebView
    void onCreate(android.os.Bundle) -> onCreate
    void initActionBar(java.lang.String) -> initActionBar
    void initActionBar1(java.lang.String) -> initActionBar1
    void onResume() -> onResume
    void onPause() -> onPause
    void onBackPressed() -> onBackPressed
    void access$200(com.baidu.paysdk.ui.WebViewActivity,java.lang.String) -> access$200
com.baidu.paysdk.ui.WebViewActivity$1 -> com.baidu.paysdk.ui.ca:
    com.baidu.paysdk.ui.WebViewActivity this$0 -> a
    void onClick(android.view.View) -> onClick
com.baidu.paysdk.ui.WebViewActivity$2 -> com.baidu.paysdk.ui.cb:
    com.baidu.paysdk.ui.WebViewActivity this$0 -> a
    void onClick(android.view.View) -> onClick
com.baidu.paysdk.ui.WebViewActivity$3 -> com.baidu.paysdk.ui.cc:
    com.baidu.paysdk.ui.WebViewActivity this$0 -> a
    void onClick(android.view.View) -> onClick
com.baidu.paysdk.ui.WebViewActivity$4 -> com.baidu.paysdk.ui.cd:
    com.baidu.paysdk.ui.WebViewActivity this$0 -> a
    void onClick(android.view.View) -> onClick
com.baidu.paysdk.ui.WebViewActivity$CustomWebChromeClient -> com.baidu.paysdk.ui.ce:
    com.baidu.paysdk.ui.WebViewActivity this$0 -> a
    void onReceivedTitle(android.webkit.WebView,java.lang.String) -> onReceivedTitle
com.baidu.paysdk.ui.WebViewActivity$CustomWebViewClient -> com.baidu.paysdk.ui.cf:
    com.baidu.paysdk.ui.WebViewActivity this$0 -> a
    boolean shouldOverrideUrlLoading(android.webkit.WebView,java.lang.String) -> shouldOverrideUrlLoading
    void onPageStarted(android.webkit.WebView,java.lang.String,android.graphics.Bitmap) -> onPageStarted
    void onPageFinished(android.webkit.WebView,java.lang.String) -> onPageFinished
    void onReceivedSslError(android.webkit.WebView,android.webkit.SslErrorHandler,android.net.http.SslError) -> onReceivedSslError
com.baidu.paysdk.ui.WelcomeActivity -> com.baidu.paysdk.ui.WelcomeActivity:
    android.view.View mTitleBack -> mTitleBack
    void onCreate(android.os.Bundle) -> onCreate
    void initView() -> initView
    void onBackPressed() -> onBackPressed
    void handleResponse(int,java.lang.Object,java.lang.String) -> handleResponse
    void handleFailure(int,int,java.lang.String) -> handleFailure
    void loadData() -> loadData
    void checkDiscountInfo(com.baidu.paysdk.datamodel.DirectPayContentResponse) -> checkDiscountInfo
    void startNLCashier(com.baidu.paysdk.datamodel.DirectPayContentResponse) -> startNLCashier
    android.view.View access$000(com.baidu.paysdk.ui.WelcomeActivity) -> access$000
    void access$100(com.baidu.paysdk.ui.WelcomeActivity) -> access$100
com.baidu.paysdk.ui.WelcomeActivity$1 -> com.baidu.paysdk.ui.cg:
    com.baidu.paysdk.ui.WelcomeActivity this$0 -> a
    void onClick(android.view.View) -> onClick
com.baidu.paysdk.ui.WelcomeActivity$2 -> com.baidu.paysdk.ui.ch:
    com.baidu.paysdk.ui.WelcomeActivity this$0 -> a
    void onFail(int,java.lang.String) -> a
    void onSuccess(int,java.lang.String) -> b