proguard/usage.txt
com.tencent.mm.sdk.modelmsg.SendAuth$Resp:
    private static final java.lang.String TAG
    private static final int LENGTH_LIMIT
    public void toBundle(android.os.Bundle)
    public boolean checkArgs()
com.tencent.mm.sdk.modelmsg.SendMessageToWX:
    private SendMessageToWX()
com.tencent.mm.sdk.modelmsg.SendMessageToWX$Req
com.tencent.mm.sdk.modelmsg.SendMessageToWX$Resp:
    public void toBundle(android.os.Bundle)
    public boolean checkArgs()
com.tencent.mm.sdk.modelmsg.ShowMessageFromWX:
    private ShowMessageFromWX()
com.tencent.mm.sdk.modelmsg.ShowMessageFromWX$Resp
com.tencent.mm.sdk.modelmsg.WXAppExtendObject
com.tencent.mm.sdk.modelmsg.WXAppLaunchData
com.tencent.mm.sdk.modelmsg.WXAppLaunchData$Builder
com.tencent.mm.sdk.modelmsg.WXEmojiObject
com.tencent.mm.sdk.modelmsg.WXEmojiSharedObject
com.tencent.mm.sdk.modelmsg.WXFileObject
com.tencent.mm.sdk.modelmsg.WXImageObject
com.tencent.mm.sdk.modelmsg.WXMediaMessage:
    private static final java.lang.String TAG
    public static final int THUMB_LENGTH_LIMIT
    private static final int TITLE_LENGTH_LIMIT
    private static final int DESCRIPTION_LENGTH_LIMIT
    private static final int MEDIA_TAG_NAME_LENGTH_LIMIT
    private static final int MESSAGE_ACTION_LENGTH_LIMIT
    private static final int MESSAGE_EXT_LENGTH_LIMIT
    public static final java.lang.String ACTION_WXAPPMESSAGE
    public final void setThumbImage(android.graphics.Bitmap)
com.tencent.mm.sdk.modelmsg.WXMediaMessage$Builder:
    public static final java.lang.String KEY_IDENTIFIER
    public WXMediaMessage$Builder()
com.tencent.mm.sdk.modelmsg.WXMediaMessage$IMediaObject:
    public static final int TYPE_UNKNOWN
    public static final int TYPE_TEXT
    public static final int TYPE_IMAGE
    public static final int TYPE_MUSIC
    public static final int TYPE_VIDEO
    public static final int TYPE_URL
    public static final int TYPE_FILE
    public static final int TYPE_APPDATA
    public static final int TYPE_EMOJI
    public static final int TYPE_PRODUCT
    public static final int TYPE_EMOTICON_GIFT
    public static final int TYPE_DEVICE_ACCESS
    public static final int TYPE_MALL_PRODUCT
    public static final int TYPE_OLD_TV
    public static final int TYPE_EMOTICON_SHARED
    public static final int TYPE_CARD_SHARE
    public static final int TYPE_LOCATION_SHARE
    public static final int TYPE_RECORD
    public static final int TYPE_TV
com.tencent.mm.sdk.modelmsg.WXMusicObject
com.tencent.mm.sdk.modelmsg.WXTextObject
com.tencent.mm.sdk.modelmsg.WXVideoObject
com.tencent.mm.sdk.modelmsg.WXWebpageObject
com.tencent.mm.sdk.modelmsg.package-info
com.tencent.mm.sdk.modelpay.PayReq:
    private static final java.lang.String TAG
    private static final int EXTDATA_MAX_LENGTH
com.tencent.mm.sdk.modelpay.PayReq$Options:
    public static final int INVALID_FLAGS
com.tencent.mm.sdk.modelpay.PayResp:
    public void toBundle(android.os.Bundle)
    public boolean checkArgs()
com.tencent.mm.sdk.openapi.IWXAPI:
    public abstract void unregisterApp()
    public abstract boolean isWXAppSupportAPI()
    public abstract boolean openWXApp()
    public abstract boolean sendResp(com.tencent.mm.sdk.modelbase.BaseResp)
    public abstract void detach()
com.tencent.mm.sdk.openapi.WXAPIFactory:
    private static final java.lang.String TAG
    private WXAPIFactory()
com.tencent.mm.sdk.openapi.WXApiImplComm:
    private static final java.lang.String TAG
    private static final java.lang.String WX_APP_SIGNATURE
    private WXApiImplComm()
com.tencent.mm.sdk.openapi.WXApiImplV10:
    private static final java.lang.String TAG
    public final void unregisterApp()
    public final boolean isWXAppSupportAPI()
    public final boolean openWXApp()
    public final boolean sendResp(com.tencent.mm.sdk.modelbase.BaseResp)
    public final void detach()